::1 - - [15/Oct/2022:10:40:28 +0000] "GET /api/films HTTP/1.1" 200 404584
::1 - - [15/Oct/2022:10:41:46 +0000] "GET /api/films/1 HTTP/1.1" 200 406
::1 - - [15/Oct/2022:14:58:39 +0000] "POST /api/auth/login HTTP/1.1" 400 2
::1 - - [15/Oct/2022:15:02:19 +0000] "POST /api/auth/login HTTP/1.1" 400 182
::1 - - [15/Oct/2022:15:03:37 +0000] "POST /api/auth/login HTTP/1.1" 400 182
::1 - - [15/Oct/2022:15:04:31 +0000] "POST /api/auth/login HTTP/1.1" 400 2
::1 - - [15/Oct/2022:15:06:26 +0000] "POST /api/auth/login HTTP/1.1" 200 41
::1 - - [15/Oct/2022:15:08:50 +0000] "GET /api/accounts HTTP/1.1" 500 45
::1 - - [15/Oct/2022:15:57:51 +0000] "POST /api/auth/login HTTP/1.1" 200 117
::1 - - [15/Oct/2022:15:58:00 +0000] "GET /api/accounts HTTP/1.1" 500 45
::1 - user01 [15/Oct/2022:16:40:58 +0000] "GET /api/accounts HTTP/1.1" 401 48
::1 - user01 [15/Oct/2022:16:41:19 +0000] "GET /api/accounts HTTP/1.1" 401 48
::1 - user01 [15/Oct/2022:16:43:01 +0000] "GET /api/accounts HTTP/1.1" 401 97
::1 - user01 [15/Oct/2022:16:44:03 +0000] "GET /api/accounts HTTP/1.1" 401 97
::1 - user01 [15/Oct/2022:16:44:45 +0000] "GET /api/accounts HTTP/1.1" 401 97
::1 - user01 [15/Oct/2022:16:46:30 +0000] "GET /api/accounts HTTP/1.1" 401 58
::1 - user01 [15/Oct/2022:16:47:01 +0000] "GET /api/accounts HTTP/1.1" 401 58
::1 - user01 [15/Oct/2022:16:47:09 +0000] "GET /api/accounts HTTP/1.1" 401 58
::1 - user01 [15/Oct/2022:16:48:37 +0000] "GET /api/accounts HTTP/1.1" 401 58
::1 - user01 [15/Oct/2022:16:49:08 +0000] "GET /api/accounts HTTP/1.1" 200 74
::1 - user01 [15/Oct/2022:16:49:56 +0000] "GET /api/accounts HTTP/1.1" 200 74
::1 - user01 [15/Oct/2022:16:50:59 +0000] "GET /api/accounts HTTP/1.1" 200 74
::1 - - [15/Oct/2022:16:51:09 +0000] "POST /api/auth/login HTTP/1.1" 401 42
::1 - user01 [15/Oct/2022:16:55:47 +0000] "POST /api/auth/login HTTP/1.1" 400 14
::1 - user01 [15/Oct/2022:16:57:53 +0000] "POST /api/auth/login HTTP/1.1" 400 14
::1 - - [15/Oct/2022:16:58:25 +0000] "POST /api/auth/login HTTP/1.1" 401 58
::1 - - [15/Oct/2022:16:58:44 +0000] "POST /api/auth/login HTTP/1.1" 401 48
::1 - - [15/Oct/2022:16:59:42 +0000] "POST /api/auth/login HTTP/1.1" 200 52
::1 - - [15/Oct/2022:17:04:06 +0000] "POST /api/auth/login HTTP/1.1" 200 52
::1 - user01 [15/Oct/2022:17:09:01 +0000] "GET /api/accounts HTTP/1.1" 200 74
::1 - user01 [15/Oct/2022:17:09:15 +0000] "GET /api/accounts HTTP/1.1" 200 74
::1 - user01 [15/Oct/2022:17:11:10 +0000] "GET /api/accounts HTTP/1.1" 200 74
::1 - user01 [15/Oct/2022:17:11:47 +0000] "GET /api/accounts HTTP/1.1" 401 48
::1 - user01 [15/Oct/2022:17:12:33 +0000] "GET /api/accounts HTTP/1.1" 200 74
::1 - user01 [15/Oct/2022:17:14:34 +0000] "GET /api/accounts HTTP/1.1" 200 74
::1 - - [15/Oct/2022:17:14:42 +0000] "POST /api/auth/login HTTP/1.1" 401 48
::1 - - [15/Oct/2022:17:15:58 +0000] "POST /api/auth/login HTTP/1.1" 401 48
::1 - - [15/Oct/2022:17:16:21 +0000] "POST /api/auth/login HTTP/1.1" 200 52
::1 - - [15/Oct/2022:17:18:44 +0000] "GET /api/accounts HTTP/1.1" 401 42
